action: GLOB, msg: packaging
cwd: C:\Users\pytho\Desktop\DataFlow
cmd: 'C:\Users\pytho\AppData\Local\Programs\Python\Python311\python.exe' setup.py sdist --formats=zip --dist-dir '.tox\dist'
running sdist
running egg_info
writing dataflow.egg-info\PKG-INFO
writing dependency_links to dataflow.egg-info\dependency_links.txt
writing requirements to dataflow.egg-info\requires.txt
writing top-level names to dataflow.egg-info\top_level.txt
reading manifest file 'dataflow.egg-info\SOURCES.txt'
reading manifest template 'MANIFEST.in'
warning: no previously-included files found matching '__pycache__'
adding license file 'LICENCE.md'
writing manifest file 'dataflow.egg-info\SOURCES.txt'
running check
creating dataflow-0.1.0
creating dataflow-0.1.0\dataflow
creating dataflow-0.1.0\dataflow.egg-info
creating dataflow-0.1.0\tests
copying files to dataflow-0.1.0...
copying LICENCE.md -> dataflow-0.1.0
copying MANIFEST.in -> dataflow-0.1.0
copying README.md -> dataflow-0.1.0
copying pyproject.toml -> dataflow-0.1.0
copying setup.py -> dataflow-0.1.0
copying dataflow\__init__.py -> dataflow-0.1.0\dataflow
copying dataflow\parallel_processor.py -> dataflow-0.1.0\dataflow
copying dataflow\pipeline.py -> dataflow-0.1.0\dataflow
copying dataflow\transformation.py -> dataflow-0.1.0\dataflow
copying dataflow\validator.py -> dataflow-0.1.0\dataflow
copying dataflow.egg-info\PKG-INFO -> dataflow-0.1.0\dataflow.egg-info
copying dataflow.egg-info\SOURCES.txt -> dataflow-0.1.0\dataflow.egg-info
copying dataflow.egg-info\dependency_links.txt -> dataflow-0.1.0\dataflow.egg-info
copying dataflow.egg-info\requires.txt -> dataflow-0.1.0\dataflow.egg-info
copying dataflow.egg-info\top_level.txt -> dataflow-0.1.0\dataflow.egg-info
copying tests\__init__.py -> dataflow-0.1.0\tests
copying tests\test_data_pipeline.py -> dataflow-0.1.0\tests
copying tests\test_dataflow.py -> dataflow-0.1.0\tests
copying tests\test_error_handling.py -> dataflow-0.1.0\tests
copying tests\test_parallel_processor.py -> dataflow-0.1.0\tests
copying tests\test_pipeline.py -> dataflow-0.1.0\tests
copying tests\test_transformation.py -> dataflow-0.1.0\tests
copying tests\test_validator.py -> dataflow-0.1.0\tests
Writing dataflow-0.1.0\setup.cfg
creating '.tox\dist\dataflow-0.1.0.zip' and adding 'dataflow-0.1.0' to it
adding 'dataflow-0.1.0'
adding 'dataflow-0.1.0\dataflow'
adding 'dataflow-0.1.0\dataflow.egg-info'
adding 'dataflow-0.1.0\tests'
adding 'dataflow-0.1.0\LICENCE.md'
adding 'dataflow-0.1.0\MANIFEST.in'
adding 'dataflow-0.1.0\PKG-INFO'
adding 'dataflow-0.1.0\pyproject.toml'
adding 'dataflow-0.1.0\README.md'
adding 'dataflow-0.1.0\setup.cfg'
adding 'dataflow-0.1.0\setup.py'
adding 'dataflow-0.1.0\dataflow\parallel_processor.py'
adding 'dataflow-0.1.0\dataflow\pipeline.py'
adding 'dataflow-0.1.0\dataflow\transformation.py'
adding 'dataflow-0.1.0\dataflow\validator.py'
adding 'dataflow-0.1.0\dataflow\__init__.py'
adding 'dataflow-0.1.0\dataflow.egg-info\dependency_links.txt'
adding 'dataflow-0.1.0\dataflow.egg-info\PKG-INFO'
adding 'dataflow-0.1.0\dataflow.egg-info\requires.txt'
adding 'dataflow-0.1.0\dataflow.egg-info\SOURCES.txt'
adding 'dataflow-0.1.0\dataflow.egg-info\top_level.txt'
adding 'dataflow-0.1.0\tests\test_dataflow.py'
adding 'dataflow-0.1.0\tests\test_data_pipeline.py'
adding 'dataflow-0.1.0\tests\test_error_handling.py'
adding 'dataflow-0.1.0\tests\test_parallel_processor.py'
adding 'dataflow-0.1.0\tests\test_pipeline.py'
adding 'dataflow-0.1.0\tests\test_transformation.py'
adding 'dataflow-0.1.0\tests\test_validator.py'
adding 'dataflow-0.1.0\tests\__init__.py'
removing 'dataflow-0.1.0' (and everything under it)
